<?xml version="1.0" encoding="UTF-8"?>
<testng-results ignored="0" total="1" passed="1" failed="0" skipped="0">
  <reporter-output>
  </reporter-output>
  <suite started-at="2022-04-17T15:53:50 EDT" name="DGDOX" finished-at="2022-04-17T15:54:00 EDT" duration-ms="10522">
    <groups>
    </groups>
    <test started-at="2022-04-17T15:53:50 EDT" name="Login edge" finished-at="2022-04-17T15:54:00 EDT" duration-ms="10522">
      <class name="dgdox.practice5">
        <test-method signature="setup()[pri:0, instance:dgdox.practice5@68b32e3e]" started-at="2022-04-17T15:53:50 EDT" name="setup" finished-at="2022-04-17T15:54:00 EDT" duration-ms="10492" status="PASS">
          <reporter-output>
          </reporter-output>
        </test-method> <!-- setup -->
      </class> <!-- dgdox.practice5 -->
    </test> <!-- Login edge -->
  </suite> <!-- DGDOX -->
</testng-results>
