<?xml version="1.0" encoding="UTF-8"?>
<!-- Generated by org.testng.reporters.JUnitXMLReporter -->
<testsuite ignored="0" hostname="DESKTOP-8FVIUIV" failures="0" tests="4" name="Login edge" time="10.923" errors="0" timestamp="2022-02-04T21:11:08 EST">
  <testcase classname="dgdox.TestcaseLogin_01" name="openURL" time="3.204"/>
  <testcase classname="dgdox.TestcaseLogin_01" name="ValidateURL" time="0.01"/>
  <testcase classname="dgdox.TestcaseLogin_01" name="loginTest" time="0.324"/>
  <testcase classname="dgdox.TestcaseMode_02" name="getMode" time="4.567"/>
</testsuite> <!-- Login edge -->
